-------------------------------------------------------------------------------
Test set: com.example.grpc.GrpcApplicationTests
-------------------------------------------------------------------------------
Tests run: 1, Failures: 0, Errors: 1, Skipped: 0, Time elapsed: 1.403 s <<< FAILURE! - in com.example.grpc.GrpcApplicationTests
contextLoads  Time elapsed: 0.001 s  <<< ERROR!
java.lang.IllegalStateException: Failed to load ApplicationContext
Caused by: org.springframework.beans.factory.BeanCreationException: Error creating bean with name 'grpcApplication': Injection of autowired dependencies failed; nested exception is java.lang.IllegalArgumentException: Could not resolve placeholder 'mysql.hostname' in value "${mysql.hostname}"
Caused by: java.lang.IllegalArgumentException: Could not resolve placeholder 'mysql.hostname' in value "${mysql.hostname}"

